<?xml version="1.0" encoding="UTF-8"?>
<testng-results skipped="0" failed="0" ignored="0" total="1" passed="1">
  <reporter-output>
  </reporter-output>
  <suite name="Default suite" duration-ms="8723" started-at="2019-05-09T19:00:40Z" finished-at="2019-05-09T19:00:49Z">
    <groups>
    </groups>
    <test name="Default test" duration-ms="8723" started-at="2019-05-09T19:00:40Z" finished-at="2019-05-09T19:00:49Z">
      <class name="SampleTest.Test1">
        <test-method status="PASS" signature="test1()[pri:0, instance:SampleTest.Test1@7823a2f9]" name="test1" duration-ms="8697" started-at="2019-05-10T00:30:40Z" finished-at="2019-05-10T00:30:49Z">
          <reporter-output>
          </reporter-output>
        </test-method> <!-- test1 -->
      </class> <!-- SampleTest.Test1 -->
    </test> <!-- Default test -->
  </suite> <!-- Default suite -->
</testng-results>
